#
# There is insufficient memory for the Java Runtime Environment to continue.
# Native memory allocation (malloc) failed to allocate 444336 bytes for Chunk::new
# Possible reasons:
#   The system is out of physical RAM or swap space
#   In 32 bit mode, the process size limit was hit
# Possible solutions:
#   Reduce memory load on the system
#   Increase physical memory or swap space
#   Check if swap backing store is full
#   Use 64 bit Java on a 64 bit OS
#   Decrease Java heap size (-Xmx/-Xms)
#   Decrease number of Java threads
#   Decrease Java thread stack sizes (-Xss)
#   Set larger code cache with -XX:ReservedCodeCacheSize=
# This output file may be truncated or incomplete.
#
#  Out of Memory Error (allocation.cpp:390), pid=4584, tid=0x0000000000003284
#
# JRE version: Java(TM) SE Runtime Environment (8.0_181-b13) (build 1.8.0_181-b13)
# Java VM: Java HotSpot(TM) 64-Bit Server VM (25.181-b13 mixed mode windows-amd64 compressed oops)
# Failed to write core dump. Minidumps are not enabled by default on client versions of Windows
#

---------------  T H R E A D  ---------------

Current thread (0x000000001518e000):  JavaThread "C2 CompilerThread1" daemon [_thread_in_native, id=12932, stack(0x00000000168d0000,0x00000000169d0000)]

Stack: [0x00000000168d0000,0x00000000169d0000]
[error occurred during error reporting (printing stack bounds), id 0xc0000005]

Native frames: (J=compiled Java code, j=interpreted, Vv=VM code, C=native code)


Current CompileTask:
C2:  40159 5931       4       org.eclipse.core.internal.filesystem.local.LocalFile::fetchInfo (45 bytes)


---------------  P R O C E S S  ---------------

Java Threads: ( => current thread )
  0x000000001a832800 JavaThread "Thread-10" daemon [_thread_in_native, id=10152, stack(0x000000001ff40000,0x0000000020040000)]
  0x000000001a837000 JavaThread "ForkJoinPool.commonPool-worker-1" daemon [_thread_blocked, id=12444, stack(0x000000001e5b0000,0x000000001e6b0000)]
  0x000000001a832000 JavaThread "Timer-1" [_thread_blocked, id=12708, stack(0x000000001d200000,0x000000001d300000)]
  0x000000001a838800 JavaThread "Timer-0" [_thread_blocked, id=5164, stack(0x000000001d000000,0x000000001d100000)]
  0x000000001a836800 JavaThread "pool-1-thread-1" [_thread_in_native, id=8760, stack(0x000000001cd00000,0x000000001ce00000)]
  0x00000000178d9000 JavaThread "Worker-4: Initialize workspace" [_thread_blocked, id=12880, stack(0x000000001ca00000,0x000000001cb00000)]
  0x0000000018484000 JavaThread "Worker-3" [_thread_blocked, id=11516, stack(0x000000001c700000,0x000000001c800000)]
  0x0000000018dd2000 JavaThread "Java indexing" daemon [_thread_blocked, id=7008, stack(0x000000001b030000,0x000000001b130000)]
  0x0000000018d2e000 JavaThread "Worker-2" [_thread_blocked, id=12096, stack(0x0000000019af0000,0x0000000019bf0000)]
  0x0000000019ea8800 JavaThread "Worker-1: Refreshing workspace" [_thread_in_native, id=9892, stack(0x000000001ad30000,0x000000001ae30000)]
  0x0000000018615000 JavaThread "Worker-0" [_thread_blocked, id=2032, stack(0x0000000019c60000,0x0000000019d60000)]
  0x0000000017841000 JavaThread "Worker-JM" [_thread_blocked, id=6240, stack(0x00000000195f0000,0x00000000196f0000)]
  0x0000000018495800 JavaThread "Bundle File Closer" daemon [_thread_blocked, id=4080, stack(0x0000000018050000,0x0000000018150000)]
  0x00000000174a0000 JavaThread "Start Level: Equinox Container: f4c25671-2ac8-436f-8094-2994f204fb06" daemon [_thread_blocked, id=9948, stack(0x0000000017f50000,0x0000000018050000)]
  0x000000001749c000 JavaThread "Framework Event Dispatcher: Equinox Container: f4c25671-2ac8-436f-8094-2994f204fb06" daemon [_thread_blocked, id=9840, stack(0x0000000017e50000,0x0000000017f50000)]
  0x0000000017297800 JavaThread "Active Thread: Equinox Container: f4c25671-2ac8-436f-8094-2994f204fb06" [_thread_blocked, id=5576, stack(0x0000000017d50000,0x0000000017e50000)]
  0x0000000016b01000 JavaThread "Service Thread" daemon [_thread_blocked, id=13088, stack(0x0000000016ed0000,0x0000000016fd0000)]
  0x00000000151bc000 JavaThread "C1 CompilerThread2" daemon [_thread_blocked, id=756, stack(0x00000000169d0000,0x0000000016ad0000)]
=>0x000000001518e000 JavaThread "C2 CompilerThread1" daemon [_thread_in_native, id=12932, stack(0x00000000168d0000,0x00000000169d0000)]
  0x0000000015185000 JavaThread "C2 CompilerThread0" daemon [_thread_in_native, id=9728, stack(0x00000000167d0000,0x00000000168d0000)]
  0x0000000015184000 JavaThread "Attach Listener" daemon [_thread_blocked, id=12132, stack(0x00000000166d0000,0x00000000167d0000)]
  0x000000001517f000 JavaThread "Signal Dispatcher" daemon [_thread_blocked, id=12036, stack(0x00000000165d0000,0x00000000166d0000)]
  0x0000000002aac800 JavaThread "Finalizer" daemon [_thread_blocked, id=8324, stack(0x00000000163d0000,0x00000000164d0000)]
  0x0000000002aa3800 JavaThread "Reference Handler" daemon [_thread_blocked, id=4356, stack(0x00000000162d0000,0x00000000163d0000)]
  0x00000000029b4000 JavaThread "main" [_thread_blocked, id=12376, stack(0x00000000028b0000,0x00000000029b0000)]

Other Threads:
  0x0000000015147000 VMThread [stack: 0x00000000161d0000,0x00000000162d0000] [id=6272]
  0x0000000016b13000 WatcherThread [stack: 0x0000000016fd0000,0x00000000170d0000] [id=9724]

VM state:not at safepoint (normal execution)

VM Mutex/Monitor currently owned by a thread: None

Heap:
 PSYoungGen      total 32768K, used 6092K [0x00000000eab00000, 0x00000000ecc00000, 0x0000000100000000)
  eden space 31744K, 19% used [0x00000000eab00000,0x00000000eb0f3018,0x00000000eca00000)
  from space 1024K, 0% used [0x00000000eca00000,0x00000000eca00000,0x00000000ecb00000)
  to   space 1024K, 0% used [0x00000000ecb00000,0x00000000ecb00000,0x00000000ecc00000)
 ParOldGen       total 68608K, used 32114K [0x00000000c0000000, 0x00000000c4300000, 0x00000000eab00000)
  object space 68608K, 46% used [0x00000000c0000000,0x00000000c1f5ca80,0x00000000c4300000)
 Metaspace       used 51468K, capacity 54516K, committed 54656K, reserved 1097728K
  class space    used 6287K, capacity 7189K, committed 7296K, reserved 1048576K

Card table byte_map: [0x0000000011e70000,0x0000000012080000] byte_map_base: 0x0000000011870000

Marking Bits: (ParMarkBitMap*) 0x0000000050be2d00
 Begin Bits: [0x00000000125e0000, 0x00000000135e0000)
 End Bits:   [0x00000000135e0000, 0x00000000145e0000)

Polling page: 0x00000000005f0000

CodeCache: size=245760Kb used=16379Kb max_used=16393Kb free=229380Kb
 bounds [0x0000000002ab0000, 0x0000000003ae0000, 0x0000000011ab0000]
 total_blobs=5531 nmethods=4968 adapters=474
 compilation: enabled

Compilation events (10 events):
Event: 40.069 Thread 0x000000001518e000 nmethod 5917 0x0000000003866c90 code [0x0000000003866fa0, 0x0000000003869430]
Event: 40.069 Thread 0x000000001518e000 5923  s    4       java.io.ByteArrayInputStream::read (36 bytes)
Event: 40.071 Thread 0x000000001518e000 nmethod 5923 0x0000000002ef0550 code [0x0000000002ef0680, 0x0000000002ef08d8]
Event: 40.071 Thread 0x000000001518e000 5918       4       java.lang.ThreadLocal$ThreadLocalMap::nextIndex (15 bytes)
Event: 40.071 Thread 0x000000001518e000 nmethod 5918 0x0000000002e29e50 code [0x0000000002e29f80, 0x0000000002e29fd8]
Event: 40.098 Thread 0x000000001518e000 5930       4       sun.nio.fs.WindowsFileSystem::getPath (101 bytes)
Event: 40.104 Thread 0x000000001518e000 nmethod 5930 0x0000000003573f90 code [0x0000000003574140, 0x0000000003574540]
Event: 40.118 Thread 0x000000001518e000 5931       4       org.eclipse.core.internal.filesystem.local.LocalFile::fetchInfo (45 bytes)
Event: 40.126 Thread 0x00000000151bc000 5932       3       org.eclipse.core.internal.jobs.JobManager::select (60 bytes)
Event: 40.127 Thread 0x00000000151bc000 nmethod 5932 0x0000000002c9f3d0 code [0x0000000002c9f580, 0x0000000002c9fba8]

GC Heap History (10 events):
Event: 38.106 GC heap before
{Heap before GC invocations=30 (full 2):
 PSYoungGen      total 32256K, used 32160K [0x00000000eab00000, 0x00000000ecc00000, 0x0000000100000000)
  eden space 31232K, 100% used [0x00000000eab00000,0x00000000ec980000,0x00000000ec980000)
  from space 1024K, 90% used [0x00000000ec980000,0x00000000eca68000,0x00000000eca80000)
  to   space 1024K, 0% used [0x00000000ecb00000,0x00000000ecb00000,0x00000000ecc00000)
 ParOldGen       total 68608K, used 33570K [0x00000000c0000000, 0x00000000c4300000, 0x00000000eab00000)
  object space 68608K, 48% used [0x00000000c0000000,0x00000000c20c8818,0x00000000c4300000)
 Metaspace       used 47413K, capacity 50086K, committed 50304K, reserved 1093632K
  class space    used 5854K, capacity 6719K, committed 6784K, reserved 1048576K
Event: 38.131 GC heap after
Heap after GC invocations=30 (full 2):
 PSYoungGen      total 32768K, used 928K [0x00000000eab00000, 0x00000000ecc00000, 0x0000000100000000)
  eden space 31744K, 0% used [0x00000000eab00000,0x00000000eab00000,0x00000000eca00000)
  from space 1024K, 90% used [0x00000000ecb00000,0x00000000ecbe8000,0x00000000ecc00000)
  to   space 1024K, 0% used [0x00000000eca00000,0x00000000eca00000,0x00000000ecb00000)
 ParOldGen       total 68608K, used 33578K [0x00000000c0000000, 0x00000000c4300000, 0x00000000eab00000)
  object space 68608K, 48% used [0x00000000c0000000,0x00000000c20ca818,0x00000000c4300000)
 Metaspace       used 47413K, capacity 50086K, committed 50304K, reserved 1093632K
  class space    used 5854K, capacity 6719K, committed 6784K, reserved 1048576K
}
Event: 38.327 GC heap before
{Heap before GC invocations=31 (full 2):
 PSYoungGen      total 32768K, used 32672K [0x00000000eab00000, 0x00000000ecc00000, 0x0000000100000000)
  eden space 31744K, 100% used [0x00000000eab00000,0x00000000eca00000,0x00000000eca00000)
  from space 1024K, 90% used [0x00000000ecb00000,0x00000000ecbe8000,0x00000000ecc00000)
  to   space 1024K, 0% used [0x00000000eca00000,0x00000000eca00000,0x00000000ecb00000)
 ParOldGen       total 68608K, used 33578K [0x00000000c0000000, 0x00000000c4300000, 0x00000000eab00000)
  object space 68608K, 48% used [0x00000000c0000000,0x00000000c20ca818,0x00000000c4300000)
 Metaspace       used 47413K, capacity 50086K, committed 50304K, reserved 1093632K
  class space    used 5854K, capacity 6719K, committed 6784K, reserved 1048576K
Event: 38.374 GC heap after
Heap after GC invocations=31 (full 2):
 PSYoungGen      total 32768K, used 928K [0x00000000eab00000, 0x00000000ecc00000, 0x0000000100000000)
  eden space 31744K, 0% used [0x00000000eab00000,0x00000000eab00000,0x00000000eca00000)
  from space 1024K, 90% used [0x00000000eca00000,0x00000000ecae8000,0x00000000ecb00000)
  to   space 1024K, 0% used [0x00000000ecb00000,0x00000000ecb00000,0x00000000ecc00000)
 ParOldGen       total 68608K, used 33586K [0x00000000c0000000, 0x00000000c4300000, 0x00000000eab00000)
  object space 68608K, 48% used [0x00000000c0000000,0x00000000c20cc818,0x00000000c4300000)
 Metaspace       used 47413K, capacity 50086K, committed 50304K, reserved 1093632K
  class space    used 5854K, capacity 6719K, committed 6784K, reserved 1048576K
}
Event: 39.681 GC heap before
{Heap before GC invocations=32 (full 2):
 PSYoungGen      total 32768K, used 32672K [0x00000000eab00000, 0x00000000ecc00000, 0x0000000100000000)
  eden space 31744K, 100% used [0x00000000eab00000,0x00000000eca00000,0x00000000eca00000)
  from space 1024K, 90% used [0x00000000eca00000,0x00000000ecae8000,0x00000000ecb00000)
  to   space 1024K, 0% used [0x00000000ecb00000,0x00000000ecb00000,0x00000000ecc00000)
 ParOldGen       total 68608K, used 33586K [0x00000000c0000000, 0x00000000c4300000, 0x00000000eab00000)
  object space 68608K, 48% used [0x00000000c0000000,0x00000000c20cc818,0x00000000c4300000)
 Metaspace       used 51149K, capacity 54146K, committed 54272K, reserved 1095680K
  class space    used 6253K, capacity 7151K, committed 7168K, reserved 1048576K
Event: 39.688 GC heap after
Heap after GC invocations=32 (full 2):
 PSYoungGen      total 32768K, used 1009K [0x00000000eab00000, 0x00000000ecc00000, 0x0000000100000000)
  eden space 31744K, 0% used [0x00000000eab00000,0x00000000eab00000,0x00000000eca00000)
  from space 1024K, 98% used [0x00000000ecb00000,0x00000000ecbfc490,0x00000000ecc00000)
  to   space 1024K, 0% used [0x00000000eca00000,0x00000000eca00000,0x00000000ecb00000)
 ParOldGen       total 68608K, used 38664K [0x00000000c0000000, 0x00000000c4300000, 0x00000000eab00000)
  object space 68608K, 56% used [0x00000000c0000000,0x00000000c25c2090,0x00000000c4300000)
 Metaspace       used 51149K, capacity 54146K, committed 54272K, reserved 1095680K
  class space    used 6253K, capacity 7151K, committed 7168K, reserved 1048576K
}
Event: 39.724 GC heap before
{Heap before GC invocations=33 (full 2):
 PSYoungGen      total 32768K, used 3938K [0x00000000eab00000, 0x00000000ecc00000, 0x0000000100000000)
  eden space 31744K, 9% used [0x00000000eab00000,0x00000000eaddc420,0x00000000eca00000)
  from space 1024K, 98% used [0x00000000ecb00000,0x00000000ecbfc490,0x00000000ecc00000)
  to   space 1024K, 0% used [0x00000000eca00000,0x00000000eca00000,0x00000000ecb00000)
 ParOldGen       total 68608K, used 38664K [0x00000000c0000000, 0x00000000c4300000, 0x00000000eab00000)
  object space 68608K, 56% used [0x00000000c0000000,0x00000000c25c2090,0x00000000c4300000)
 Metaspace       used 51257K, capacity 54226K, committed 54272K, reserved 1099776K
  class space    used 6267K, capacity 7155K, committed 7168K, reserved 1048576K
Event: 39.726 GC heap after
Heap after GC invocations=33 (full 2):
 PSYoungGen      total 32768K, used 1023K [0x00000000eab00000, 0x00000000ecc00000, 0x0000000100000000)
  eden space 31744K, 0% used [0x00000000eab00000,0x00000000eab00000,0x00000000eca00000)
  from space 1024K, 99% used [0x00000000eca00000,0x00000000ecaffee8,0x00000000ecb00000)
  to   space 1024K, 0% used [0x00000000ecb00000,0x00000000ecb00000,0x00000000ecc00000)
 ParOldGen       total 68608K, used 40150K [0x00000000c0000000, 0x00000000c4300000, 0x00000000eab00000)
  object space 68608K, 58% used [0x00000000c0000000,0x00000000c2735b98,0x00000000c4300000)
 Metaspace       used 51257K, capacity 54226K, committed 54272K, reserved 1099776K
  class space    used 6267K, capacity 7155K, committed 7168K, reserved 1048576K
}
Event: 39.726 GC heap before
{Heap before GC invocations=34 (full 3):
 PSYoungGen      total 32768K, used 1023K [0x00000000eab00000, 0x00000000ecc00000, 0x0000000100000000)
  eden space 31744K, 0% used [0x00000000eab00000,0x00000000eab00000,0x00000000eca00000)
  from space 1024K, 99% used [0x00000000eca00000,0x00000000ecaffee8,0x00000000ecb00000)
  to   space 1024K, 0% used [0x00000000ecb00000,0x00000000ecb00000,0x00000000ecc00000)
 ParOldGen       total 68608K, used 40150K [0x00000000c0000000, 0x00000000c4300000, 0x00000000eab00000)
  object space 68608K, 58% used [0x00000000c0000000,0x00000000c2735b98,0x00000000c4300000)
 Metaspace       used 51257K, capacity 54226K, committed 54272K, reserved 1099776K
  class space    used 6267K, capacity 7155K, committed 7168K, reserved 1048576K
Event: 39.983 GC heap after
Heap after GC invocations=34 (full 3):
 PSYoungGen      total 32768K, used 0K [0x00000000eab00000, 0x00000000ecc00000, 0x0000000100000000)
  eden space 31744K, 0% used [0x00000000eab00000,0x00000000eab00000,0x00000000eca00000)
  from space 1024K, 0% used [0x00000000eca00000,0x00000000eca00000,0x00000000ecb00000)
  to   space 1024K, 0% used [0x00000000ecb00000,0x00000000ecb00000,0x00000000ecc00000)
 ParOldGen       total 68608K, used 32114K [0x00000000c0000000, 0x00000000c4300000, 0x00000000eab00000)
  object space 68608K, 46% used [0x00000000c0000000,0x00000000c1f5ca80,0x00000000c4300000)
 Metaspace       used 51257K, capacity 54226K, committed 54272K, reserved 1097728K
  class space    used 6267K, capacity 7155K, committed 7168K, reserved 1048576K
}

Deoptimization events (10 events):
Event: 39.701 Thread 0x000000001a832800 Uncommon trap: reason=class_check action=maybe_recompile pc=0x00000000039e2ba4 method=sun.nio.ch.IOUtil.read(Ljava/io/FileDescriptor;Ljava/nio/ByteBuffer;JLsun/nio/ch/NativeDispatcher;)I @ 1
Event: 39.711 Thread 0x000000001a832800 Uncommon trap: reason=class_check action=maybe_recompile pc=0x00000000039e2ba4 method=sun.nio.ch.IOUtil.read(Ljava/io/FileDescriptor;Ljava/nio/ByteBuffer;JLsun/nio/ch/NativeDispatcher;)I @ 1
Event: 39.711 Thread 0x000000001a832800 Uncommon trap: reason=unstable_if action=reinterpret pc=0x000000000370db60 method=java.nio.channels.spi.AbstractInterruptibleChannel.end(Z)V @ 31
Event: 39.716 Thread 0x000000001a832800 Uncommon trap: reason=class_check action=maybe_recompile pc=0x0000000002fc5b48 method=java.lang.StringCoding$StringDecoder.decode([BII)[C @ 30
Event: 39.718 Thread 0x000000001a832800 Uncommon trap: reason=class_check action=maybe_recompile pc=0x0000000002fc5b98 method=java.lang.StringCoding$StringDecoder.charsetName()Ljava/lang/String; @ 4
Event: 39.718 Thread 0x000000001a832800 Uncommon trap: reason=unstable_if action=reinterpret pc=0x0000000003736b30 method=java.util.TreeMap.getEntry(Ljava/lang/Object;)Ljava/util/TreeMap$Entry; @ 4
Event: 39.721 Thread 0x000000001a832800 Uncommon trap: reason=unstable_if action=reinterpret pc=0x00000000038c164c method=java.io.File.equals(Ljava/lang/Object;)Z @ 1
Event: 39.983 Thread 0x0000000002aa3800 Uncommon trap: reason=unstable_if action=reinterpret pc=0x000000000378a6f8 method=java.lang.ref.Reference.tryHandlePending(Z)Z @ 20
Event: 39.984 Thread 0x0000000002aac800 Uncommon trap: reason=unstable_if action=reinterpret pc=0x00000000037fd900 method=java.util.WeakHashMap.eq(Ljava/lang/Object;Ljava/lang/Object;)Z @ 2
Event: 39.985 Thread 0x0000000002aac800 Uncommon trap: reason=unstable_if action=reinterpret pc=0x0000000003201ac0 method=java.util.WeakHashMap.expungeStaleEntries()V @ 9

Classes redefined (0 events):
No events

Internal exceptions (10 events):
Event: 38.767 Thread 0x000000001a835000 Exception <a 'java/lang/NoSuchMethodError': <clinit>> (0x00000000eb8c06b0) thrown at [C:\re\workspace\8-2-build-windows-amd64-cygwin\jdk8u181\11358\hotspot\src\share\vm\prims\jni.cpp, line 1613]
Event: 38.768 Thread 0x000000001a835000 Exception <a 'java/lang/NoSuchMethodError': <clinit>> (0x00000000eb8ce0d0) thrown at [C:\re\workspace\8-2-build-windows-amd64-cygwin\jdk8u181\11358\hotspot\src\share\vm\prims\jni.cpp, line 1613]
Event: 38.770 Thread 0x000000001a835000 Exception <a 'java/lang/NoSuchMethodError': <clinit>> (0x00000000eb8f7f08) thrown at [C:\re\workspace\8-2-build-windows-amd64-cygwin\jdk8u181\11358\hotspot\src\share\vm\prims\jni.cpp, line 1613]
Event: 38.772 Thread 0x000000001a835000 Exception <a 'java/lang/NoSuchMethodError': <clinit>> (0x00000000eb9227e8) thrown at [C:\re\workspace\8-2-build-windows-amd64-cygwin\jdk8u181\11358\hotspot\src\share\vm\prims\jni.cpp, line 1613]
Event: 39.129 Thread 0x0000000018d2e000 Exception <a 'sun/nio/fs/WindowsException'> (0x00000000ebb563a0) thrown at [C:\re\workspace\8-2-build-windows-amd64-cygwin\jdk8u181\11358\hotspot\src\share\vm\prims\jni.cpp, line 709]
Event: 39.364 Thread 0x000000001a836800 Exception <a 'sun/nio/fs/WindowsException'> (0x00000000ebfb3390) thrown at [C:\re\workspace\8-2-build-windows-amd64-cygwin\jdk8u181\11358\hotspot\src\share\vm\prims\jni.cpp, line 709]
Event: 39.368 Thread 0x000000001a836800 Exception <a 'sun/nio/fs/WindowsException'> (0x00000000ec002cf0) thrown at [C:\re\workspace\8-2-build-windows-amd64-cygwin\jdk8u181\11358\hotspot\src\share\vm\prims\jni.cpp, line 709]
Event: 39.428 Thread 0x000000001a836800 Exception <a 'java/io/FileNotFoundException'> (0x00000000ec1e1728) thrown at [C:\re\workspace\8-2-build-windows-amd64-cygwin\jdk8u181\11358\hotspot\src\share\vm\prims\jni.cpp, line 709]
Event: 39.587 Thread 0x000000001a836800 Exception <a 'java/lang/ArrayIndexOutOfBoundsException': 2750> (0x00000000ec6a31f0) thrown at [C:\re\workspace\8-2-build-windows-amd64-cygwin\jdk8u181\11358\hotspot\src\share\vm\interpreter\interpreterRuntime.cpp, line 366]
Event: 39.721 Thread 0x000000001a832800 Implicit null exception at 0x00000000038c0e72 to 0x00000000038c1639

Events (10 events):
Event: 40.020 Executing VM operation: RevokeBias
Event: 40.020 Executing VM operation: RevokeBias done
Event: 40.020 loading class sun/security/util/Pem
Event: 40.020 loading class sun/security/util/Pem done
Event: 40.024 loading class sun/security/validator/Validator
Event: 40.024 loading class sun/security/validator/Validator done
Event: 40.024 loading class sun/security/validator/SimpleValidator
Event: 40.024 loading class sun/security/validator/SimpleValidator done
Event: 40.024 loading class sun/security/validator/EndEntityChecker
Event: 40.024 loading class sun/security/validator/EndEntityChecker done


Dynamic libraries:
0x00007ff759fa0000 - 0x00007ff759fd7000 	C:\Program Files\Java\jdk1.8.0_181\bin\java.exe
0x00007fff947c0000 - 0x00007fff949b0000 	C:\WINDOWS\SYSTEM32\ntdll.dll
0x00007fff93160000 - 0x00007fff93212000 	C:\WINDOWS\System32\KERNEL32.DLL
0x00007fff92080000 - 0x00007fff92323000 	C:\WINDOWS\System32\KERNELBASE.dll
0x00007fff942b0000 - 0x00007fff94353000 	C:\WINDOWS\System32\ADVAPI32.dll
0x00007fff92870000 - 0x00007fff9290e000 	C:\WINDOWS\System32\msvcrt.dll
0x00007fff92ad0000 - 0x00007fff92b67000 	C:\WINDOWS\System32\sechost.dll
0x00007fff94550000 - 0x00007fff94670000 	C:\WINDOWS\System32\RPCRT4.dll
0x00007fff93290000 - 0x00007fff93424000 	C:\WINDOWS\System32\USER32.dll
0x00007fff925a0000 - 0x00007fff925c1000 	C:\WINDOWS\System32\win32u.dll
0x00007fff93b20000 - 0x00007fff93b46000 	C:\WINDOWS\System32\GDI32.dll
0x00007fff92650000 - 0x00007fff927e4000 	C:\WINDOWS\System32\gdi32full.dll
0x00007fff92360000 - 0x00007fff923fe000 	C:\WINDOWS\System32\msvcp_win.dll
0x00007fff91750000 - 0x00007fff9184a000 	C:\WINDOWS\System32\ucrtbase.dll
0x00007fff7d860000 - 0x00007fff7dae5000 	C:\WINDOWS\WinSxS\amd64_microsoft.windows.common-controls_6595b64144ccf1df_6.0.18362.657_none_e6c5b579130e3898\COMCTL32.dll
0x00007fff93f70000 - 0x00007fff942a6000 	C:\WINDOWS\System32\combase.dll
0x00007fff927f0000 - 0x00007fff92870000 	C:\WINDOWS\System32\bcryptPrimitives.dll
0x00007fff94520000 - 0x00007fff9454e000 	C:\WINDOWS\System32\IMM32.DLL
0x0000000050c70000 - 0x0000000050d42000 	C:\Program Files\Java\jdk1.8.0_181\jre\bin\msvcr100.dll
0x00000000503c0000 - 0x0000000050c62000 	C:\Program Files\Java\jdk1.8.0_181\jre\bin\server\jvm.dll
0x00007fff94510000 - 0x00007fff94518000 	C:\WINDOWS\System32\PSAPI.DLL
0x00007fff7d810000 - 0x00007fff7d819000 	C:\WINDOWS\SYSTEM32\WSOCK32.dll
0x00007fff8efd0000 - 0x00007fff8eff4000 	C:\WINDOWS\SYSTEM32\WINMM.dll
0x00007fff94710000 - 0x00007fff9477f000 	C:\WINDOWS\System32\WS2_32.dll
0x00007fff8f560000 - 0x00007fff8f56a000 	C:\WINDOWS\SYSTEM32\VERSION.dll
0x00007fff8efa0000 - 0x00007fff8efcd000 	C:\WINDOWS\SYSTEM32\WINMMBASE.dll
0x00007fff92550000 - 0x00007fff9259a000 	C:\WINDOWS\System32\cfgmgr32.dll
0x00000000503b0000 - 0x00000000503bf000 	C:\Program Files\Java\jdk1.8.0_181\jre\bin\verify.dll
0x0000000050380000 - 0x00000000503a9000 	C:\Program Files\Java\jdk1.8.0_181\jre\bin\java.dll
0x0000000050360000 - 0x0000000050376000 	C:\Program Files\Java\jdk1.8.0_181\jre\bin\zip.dll
0x00007fff93430000 - 0x00007fff93b15000 	C:\WINDOWS\System32\SHELL32.dll
0x00007fff93ec0000 - 0x00007fff93f69000 	C:\WINDOWS\System32\shcore.dll
0x00007fff91850000 - 0x00007fff91fcf000 	C:\WINDOWS\System32\windows.storage.dll
0x00007fff916a0000 - 0x00007fff916bf000 	C:\WINDOWS\System32\profapi.dll
0x00007fff916e0000 - 0x00007fff9172a000 	C:\WINDOWS\System32\powrprof.dll
0x00007fff91690000 - 0x00007fff916a0000 	C:\WINDOWS\System32\UMPDC.dll
0x00007fff92910000 - 0x00007fff92962000 	C:\WINDOWS\System32\shlwapi.dll
0x00007fff91730000 - 0x00007fff91741000 	C:\WINDOWS\System32\kernel.appcore.dll
0x00007fff92630000 - 0x00007fff92647000 	C:\WINDOWS\System32\cryptsp.dll
0x0000000050340000 - 0x000000005035a000 	C:\Program Files\Java\jdk1.8.0_181\jre\bin\net.dll
0x00007fff90f00000 - 0x00007fff90f67000 	C:\WINDOWS\system32\mswsock.dll
0x0000000050320000 - 0x0000000050331000 	C:\Program Files\Java\jdk1.8.0_181\jre\bin\nio.dll
0x00007fff90a70000 - 0x00007fff90aa3000 	C:\WINDOWS\system32\rsaenh.dll
0x00007fff92330000 - 0x00007fff92356000 	C:\WINDOWS\System32\bcrypt.dll
0x00007fff915b0000 - 0x00007fff915d5000 	C:\WINDOWS\SYSTEM32\USERENV.dll
0x00007fff910d0000 - 0x00007fff910dc000 	C:\WINDOWS\SYSTEM32\CRYPTBASE.dll
0x00007fff90c10000 - 0x00007fff90c4a000 	C:\WINDOWS\SYSTEM32\IPHLPAPI.DLL
0x00007fff93d70000 - 0x00007fff93d78000 	C:\WINDOWS\System32\NSI.dll
0x00007fff88fb0000 - 0x00007fff88fc6000 	C:\WINDOWS\SYSTEM32\dhcpcsvc6.DLL
0x00007fff8a7d0000 - 0x00007fff8a7ec000 	C:\WINDOWS\SYSTEM32\dhcpcsvc.DLL
0x00007fff90c50000 - 0x00007fff90d1a000 	C:\WINDOWS\SYSTEM32\DNSAPI.dll
0x00007fff89be0000 - 0x00007fff89c09000 	C:\Users\USER\AppData\Roaming\Code\User\globalStorage\redhat.java\0.58.0\config_win\org.eclipse.equinox.launcher\org.eclipse.equinox.launcher.win32.win32.x86_64_1.1.1100.v20190907-0426\eclipse_1902.dll
0x00007fff89bc0000 - 0x00007fff89bd1000 	C:\Users\USER\AppData\Roaming\Code\User\globalStorage\redhat.java\0.58.0\config_win\org.eclipse.osgi\20\0\.cp\jWinHttp-1.0.0.dll
0x00007fff92970000 - 0x00007fff92ac6000 	C:\WINDOWS\System32\ole32.dll
0x00007fff84280000 - 0x00007fff84370000 	C:\WINDOWS\SYSTEM32\WINHTTP.dll
0x00007fff89b90000 - 0x00007fff89bb6000 	C:\Users\USER\.gradle\native\29\windows-amd64\native-platform.dll
0x0000000050310000 - 0x000000005031d000 	C:\Program Files\Java\jdk1.8.0_181\jre\bin\management.dll
0x00000000502e0000 - 0x0000000050304000 	C:\Program Files\Java\jdk1.8.0_181\jre\bin\sunec.dll

VM Arguments:
jvm_args: -Declipse.application=org.eclipse.jdt.ls.core.id1 -Dosgi.bundles.defaultStartLevel=4 -Declipse.product=org.eclipse.jdt.ls.core.product -Dfile.encoding=utf8 -DwatchParentProcess=false -XX:+UseParallelGC -XX:GCTimeRatio=4 -XX:AdaptiveSizePolicyWeight=90 -Dsun.zip.disableMemoryMapping=true -Xmx1G -Xms100m -Xverify:none 
java_command: c:\Users\USER\.vscode\extensions\redhat.java-0.58.0\server\plugins\org.eclipse.equinox.launcher_1.5.700.v20200207-2156.jar -configuration c:\Users\USER\AppData\Roaming\Code\User\globalStorage\redhat.java\0.58.0\config_win -data c:\Users\USER\AppData\Roaming\Code\User\workspaceStorage\5ee0eed1e1a0625d1e0bb9cbd7340fc9\redhat.java\jdt_ws
java_class_path (initial): c:\Users\USER\.vscode\extensions\redhat.java-0.58.0\server\plugins\org.eclipse.equinox.launcher_1.5.700.v20200207-2156.jar
Launcher Type: SUN_STANDARD

Environment Variables:
JAVA_HOME=C:\Program Files\Java\jdk1.8.0_181
CLASSPATH=C:\Program Files\Java\jre1.8.0_231\lib\ext\QTJava.zip
USERNAME=USER
OS=Windows_NT
PROCESSOR_IDENTIFIER=Intel64 Family 6 Model 142 Stepping 9, GenuineIntel



---------------  S Y S T E M  ---------------

OS: Windows 10.0 , 64 bit Build 18362 (10.0.18362.329)

CPU:total 4 (initial active 4) (2 cores per cpu, 2 threads per core) family 6 model 142 stepping 9, cmov, cx8, fxsr, mmx, sse, sse2, sse3, ssse3, sse4.1, sse4.2, popcnt, avx, avx2, aes, clmul, erms, 3dnowpref, lzcnt, ht, tsc, tscinvbit, bmi1, bmi2, adx

Memory: 4k page, physical 8251420k(1490644k free), swap 22810776k(2120k free)

vm_info: Java HotSpot(TM) 64-Bit Server VM (25.181-b13) for windows-amd64 JRE (1.8.0_181-b13), built on Jul  7 2018 04:01:33 by "java_re" with MS VC++ 10.0 (VS2010)

time: Fri Mar 06 11:37:09 2020
elapsed time: 40 seconds (0d 0h 0m 40s)

